2025-03-28 17:13:53.739051 - Received CBT.V508.FILE093.PDS from FILE093.XMI 
2025-03-28 17:13:53.741597 - Found $$$$$ADD.txt (text/plain) in CBT.V508.FILE093.PDS, moved to PDS/$$$$$ADD
2025-03-28 17:13:53.744299 - Found $$$#DATE.txt (text/plain) in CBT.V508.FILE093.PDS, moved to PDS/$$$#DATE
2025-03-28 17:13:53.745677 - Found $$NOTE01.txt (text/plain) in CBT.V508.FILE093.PDS, moved to PDS/$$NOTE01
2025-03-28 17:13:53.747380 - Found $$NOTE02.txt (text/plain) in CBT.V508.FILE093.PDS, moved to PDS/$$NOTE02
2025-03-28 17:13:53.749154 - Found $$NOTE03.txt (text/plain) in CBT.V508.FILE093.PDS, moved to PDS/$$NOTE03
2025-03-28 17:13:53.750376 - Found $$NOTE04.txt (text/plain) in CBT.V508.FILE093.PDS, moved to PDS/$$NOTE04
2025-03-28 17:13:53.752307 - Found $$NOTE05.txt (text/plain) in CBT.V508.FILE093.PDS, moved to PDS/$$NOTE05
2025-03-28 17:13:53.754899 - Found $$NOTE06.eml (message/rfc822) in CBT.V508.FILE093.PDS, moved to PDS/$$NOTE06
2025-03-28 17:13:53.756324 - Found $$NOTE07.eml (message/rfc822) in CBT.V508.FILE093.PDS, moved to PDS/$$NOTE07
2025-03-28 17:13:53.758224 - Found $$NOTE08.txt (text/plain) in CBT.V508.FILE093.PDS, moved to PDS/$$NOTE08
2025-03-28 17:13:53.759717 - Found $$NOTE09.eml (message/rfc822) in CBT.V508.FILE093.PDS, moved to PDS/$$NOTE09
2025-03-28 17:13:53.761210 - Found $$NOTE10.txt (text/plain) in CBT.V508.FILE093.PDS, moved to PDS/$$NOTE10
2025-03-28 17:13:53.762634 - Found $$NOTE11.txt (text/plain) in CBT.V508.FILE093.PDS, moved to PDS/$$NOTE11
2025-03-28 17:13:53.763945 - Found $$NOTE12.txt (text/plain) in CBT.V508.FILE093.PDS, moved to PDS/$$NOTE12
2025-03-28 17:13:53.765711 - Found $$NOTE13.txt (text/plain) in CBT.V508.FILE093.PDS, moved to PDS/$$NOTE13
2025-03-28 17:13:53.767085 - Found $$NOTE14.txt (text/plain) in CBT.V508.FILE093.PDS, moved to PDS/$$NOTE14
2025-03-28 17:13:53.768463 - Found $EPILOG.txt (text/plain) in CBT.V508.FILE093.PDS, moved to PDS/$EPILOG
2025-03-28 17:13:53.770196 - Found $JCLOFFL.jcl (text/plain) in CBT.V508.FILE093.PDS, moved to PDS/$JCLOFFL
2025-03-28 17:13:53.771596 - Found $JCLPDSL.jcl (text/plain) in CBT.V508.FILE093.PDS, moved to PDS/$JCLPDSL
2025-03-28 17:13:53.773243 - Found $OFFLINS.jcl (text/plain) in CBT.V508.FILE093.PDS, moved to PDS/$OFFLINS
2025-03-28 17:13:53.774894 - Found $PDSLINS.jcl (text/plain) in CBT.V508.FILE093.PDS, moved to PDS/$PDSLINS
2025-03-28 17:13:53.776805 - Found $PROLOG.txt (text/plain) in CBT.V508.FILE093.PDS, moved to PDS/$PROLOG
2025-03-28 17:13:53.778253 - Found $REGS.txt (text/plain) in CBT.V508.FILE093.PDS, moved to PDS/$REGS
2025-03-28 17:13:53.782236 - Found #DCBD.bin (application/octet-stream) in CBT.V508.FILE093.PDS, moved to PDS/#DCBD
2025-03-28 17:13:53.784172 - Found #DSORG.txt (text/plain) in CBT.V508.FILE093.PDS, moved to PDS/#DSORG
2025-03-28 17:13:53.786864 - Found #ENTER.txt (text/plain) in CBT.V508.FILE093.PDS, moved to PDS/#ENTER
2025-03-28 17:13:53.789496 - Found #EXIT.txt (text/plain) in CBT.V508.FILE093.PDS, moved to PDS/#EXIT
2025-03-28 17:13:53.791327 - Found #PUT.txt (text/plain) in CBT.V508.FILE093.PDS, moved to PDS/#PUT
2025-03-28 17:13:53.792957 - Found #REGS.txt (text/plain) in CBT.V508.FILE093.PDS, moved to PDS/#REGS
2025-03-28 17:13:53.795632 - Found #TEST.bin (application/octet-stream) in CBT.V508.FILE093.PDS, moved to PDS/#TEST
2025-03-28 17:13:53.796561 - Found #USING.txt (text/plain) in CBT.V508.FILE093.PDS, moved to PDS/#USING
2025-03-28 17:13:53.798030 - Found @FILE093.txt (text/plain) in CBT.V508.FILE093.PDS, moved to PDS/@FILE093
2025-03-28 17:13:53.799033 - Found ASMVCL.txt (text/plain) in CBT.V508.FILE093.PDS, moved to PDS/ASMVCL
2025-03-28 17:13:53.800629 - Found CAPS.txt (text/plain) in CBT.V508.FILE093.PDS, moved to PDS/CAPS
2025-03-28 17:13:53.802498 - Found COMMENT.txt (text/plain) in CBT.V508.FILE093.PDS, moved to PDS/COMMENT
2025-03-28 17:13:53.803314 - Found CONVERT.txt (text/plain) in CBT.V508.FILE093.PDS, moved to PDS/CONVERT
2025-03-28 17:13:53.804351 - Found CPDATA.txt (text/plain) in CBT.V508.FILE093.PDS, moved to PDS/CPDATA
2025-03-28 17:13:53.805070 - Found CPEND.txt (text/plain) in CBT.V508.FILE093.PDS, moved to PDS/CPEND
2025-03-28 17:13:53.806206 - Found CPENTRY.txt (text/plain) in CBT.V508.FILE093.PDS, moved to PDS/CPENTRY
2025-03-28 17:13:53.807005 - Found CPEXIT.txt (text/plain) in CBT.V508.FILE093.PDS, moved to PDS/CPEXIT
2025-03-28 17:13:53.807825 - Found CPINIT.txt (text/plain) in CBT.V508.FILE093.PDS, moved to PDS/CPINIT
2025-03-28 17:13:53.808677 - Found CVDT.txt (text/plain) in CBT.V508.FILE093.PDS, moved to PDS/CVDT
2025-03-28 17:13:53.810601 - Found CVRT.txt (text/plain) in CBT.V508.FILE093.PDS, moved to PDS/CVRT
2025-03-28 17:13:53.813831 - Found DA08BLD.txt (text/plain) in CBT.V508.FILE093.PDS, moved to PDS/DA08BLD
2025-03-28 17:13:53.815365 - Found DCS.txt (text/plain) in CBT.V508.FILE093.PDS, moved to PDS/DCS
2025-03-28 17:13:53.816247 - Found EQUENT.txt (text/plain) in CBT.V508.FILE093.PDS, moved to PDS/EQUENT
2025-03-28 17:13:53.817083 - Found EQUEXT.txt (text/plain) in CBT.V508.FILE093.PDS, moved to PDS/EQUEXT
2025-03-28 17:13:53.817854 - Found EQUREG.txt (text/plain) in CBT.V508.FILE093.PDS, moved to PDS/EQUREG
2025-03-28 17:13:53.818748 - Found EQUREGS.txt (text/plain) in CBT.V508.FILE093.PDS, moved to PDS/EQUREGS
2025-03-28 17:13:53.828233 - Found GNRLFAIL.txt (text/plain) in CBT.V508.FILE093.PDS, moved to PDS/GNRLFAIL
2025-03-28 17:13:53.828846 - Found JVDENTER.txt (text/plain) in CBT.V508.FILE093.PDS, moved to PDS/JVDENTER
2025-03-28 17:13:53.829448 - Found JVDEQU.txt (text/plain) in CBT.V508.FILE093.PDS, moved to PDS/JVDEQU
2025-03-28 17:13:53.830075 - Found JVDLEAVE.txt (text/plain) in CBT.V508.FILE093.PDS, moved to PDS/JVDLEAVE
2025-03-28 17:13:53.830647 - Found LINKBACK.txt (text/plain) in CBT.V508.FILE093.PDS, moved to PDS/LINKBACK
2025-03-28 17:13:53.832708 - Found LISTPDS.txt (text/plain) in CBT.V508.FILE093.PDS, moved to PDS/LISTPDS
2025-03-28 17:13:53.833618 - Found LISTPDS$.jcl (text/plain) in CBT.V508.FILE093.PDS, moved to PDS/LISTPDS$
2025-03-28 17:13:53.835419 - Found LISTPDS1.txt (text/plain) in CBT.V508.FILE093.PDS, moved to PDS/LISTPDS1
2025-03-28 17:13:53.837557 - Found LISTPDS2.txt (text/plain) in CBT.V508.FILE093.PDS, moved to PDS/LISTPDS2
2025-03-28 17:13:53.840266 - Found LISTPDS3.txt (text/plain) in CBT.V508.FILE093.PDS, moved to PDS/LISTPDS3
2025-03-28 17:13:53.842014 - Found LISTPDS4.txt (text/plain) in CBT.V508.FILE093.PDS, moved to PDS/LISTPDS4
2025-03-28 17:13:53.843345 - Found LOADIT.txt (text/plain) in CBT.V508.FILE093.PDS, moved to PDS/LOADIT
2025-03-28 17:13:53.844991 - Found MSG.txt (text/plain) in CBT.V508.FILE093.PDS, moved to PDS/MSG
2025-03-28 17:13:53.846614 - Found NEWCSECT.txt (text/plain) in CBT.V508.FILE093.PDS, moved to PDS/NEWCSECT
2025-03-28 17:13:53.847784 - Found OFFLOAD$.jcl (text/plain) in CBT.V508.FILE093.PDS, moved to PDS/OFFLOAD$
2025-03-28 17:13:53.849764 - Found OFFLOADW.txt (text/plain) in CBT.V508.FILE093.PDS, moved to PDS/OFFLOADW
2025-03-28 17:13:53.852466 - Found OFFLOA01.txt (text/plain) in CBT.V508.FILE093.PDS, moved to PDS/OFFLOA01
2025-03-28 17:13:53.854538 - Found OFFLOA02.txt (text/plain) in CBT.V508.FILE093.PDS, moved to PDS/OFFLOA02
2025-03-28 17:13:53.856891 - Found OFFLOA03.txt (text/plain) in CBT.V508.FILE093.PDS, moved to PDS/OFFLOA03
2025-03-28 17:13:53.859661 - Found OFFLOOLD.txt (text/plain) in CBT.V508.FILE093.PDS, moved to PDS/OFFLOOLD
2025-03-28 17:13:53.861748 - Found OFFLOOLE.txt (text/plain) in CBT.V508.FILE093.PDS, moved to PDS/OFFLOOLE
2025-03-28 17:13:53.863100 - Found PDSLOAD$.jcl (text/plain) in CBT.V508.FILE093.PDS, moved to PDS/PDSLOAD$
2025-03-28 17:13:53.866083 - Found PDSLOADW.txt (text/plain) in CBT.V508.FILE093.PDS, moved to PDS/PDSLOADW
2025-03-28 17:13:53.867894 - Found PDSLOAD1.txt (text/plain) in CBT.V508.FILE093.PDS, moved to PDS/PDSLOAD1
2025-03-28 17:13:53.869133 - Found PDSLOAD2.txt (text/plain) in CBT.V508.FILE093.PDS, moved to PDS/PDSLOAD2
2025-03-28 17:13:53.870501 - Found PDSLOAD3.txt (text/plain) in CBT.V508.FILE093.PDS, moved to PDS/PDSLOAD3
2025-03-28 17:13:53.872656 - Found PDSLOAD4.txt (text/plain) in CBT.V508.FILE093.PDS, moved to PDS/PDSLOAD4
2025-03-28 17:13:53.878939 - Found PDSLOAD5.txt (text/plain) in CBT.V508.FILE093.PDS, moved to PDS/PDSLOAD5
2025-03-28 17:13:53.881811 - Found PDSLOAD6.txt (text/plain) in CBT.V508.FILE093.PDS, moved to PDS/PDSLOAD6
2025-03-28 17:13:53.885448 - Found PDSLOAD7.txt (text/plain) in CBT.V508.FILE093.PDS, moved to PDS/PDSLOAD7
2025-03-28 17:13:53.887214 - Found PDSLOAD8.txt (text/plain) in CBT.V508.FILE093.PDS, moved to PDS/PDSLOAD8
2025-03-28 17:13:53.890216 - Found PDSLOAD9.txt (text/plain) in CBT.V508.FILE093.PDS, moved to PDS/PDSLOAD9
2025-03-28 17:13:53.891989 - Found PDSLOA10.txt (text/plain) in CBT.V508.FILE093.PDS, moved to PDS/PDSLOA10
2025-03-28 17:13:53.893446 - Found PDSLOOLD.txt (text/plain) in CBT.V508.FILE093.PDS, moved to PDS/PDSLOOLD
2025-03-28 17:13:53.894240 - Found REGEQU.txt (text/plain) in CBT.V508.FILE093.PDS, moved to PDS/REGEQU
2025-03-28 17:13:53.895489 - Found REGS.txt (text/plain) in CBT.V508.FILE093.PDS, moved to PDS/REGS
2025-03-28 17:13:53.896487 - Found STAE$.txt (text/plain) in CBT.V508.FILE093.PDS, moved to PDS/STAE$
2025-03-28 17:13:53.897002 - Found TESTOPEN.txt (text/plain) in CBT.V508.FILE093.PDS, moved to PDS/TESTOPEN
2025-03-28 17:13:53.898374 - Found TMPMAC.txt (text/plain) in CBT.V508.FILE093.PDS, moved to PDS/TMPMAC
2025-03-28 17:13:53.900607 - Found UNUPDTE.txt (text/plain) in CBT.V508.FILE093.PDS, moved to PDS/UNUPDTE
2025-03-28 17:13:53.901463 - Found UNUPDTE$.jcl (text/plain) in CBT.V508.FILE093.PDS, moved to PDS/UNUPDTE$
2025-03-28 17:13:53.902047 - Found UNUPDTEO.txt (text/plain) in CBT.V508.FILE093.PDS, moved to PDS/UNUPDTEO
2025-03-28 17:13:53.902949 - Found UPDTE.txt (text/plain) in CBT.V508.FILE093.PDS, moved to PDS/UPDTE
2025-03-28 17:13:53.910589 - Found UPDTE$.jcl (text/plain) in CBT.V508.FILE093.PDS, moved to PDS/UPDTE$
